<?xml version="1.0" encoding="UTF-8"?>
<!-- Generated by org.testng.reporters.JUnitReportReporter -->
<testsuite hostname="LAPTOP-OLQ9GVDM" failures="0" tests="4" name="Ecomerce.SeleniumDesign.Submittest" time="68.008" errors="0" timestamp="2024-10-18T23:13:16 IST" skipped="0">
  <testcase classname="Ecomerce.SeleniumDesign.Submittest" name="orderhistory" time="8.630"/>
  <testcase classname="Ecomerce.SeleniumDesign.Submittest" name="submitOrder" time="24.677"/>
  <testcase classname="Ecomerce.SeleniumDesign.Submittest" name="orderhistory" time="8.197"/>
  <testcase classname="Ecomerce.SeleniumDesign.Submittest" name="submitOrder" time="26.504"/>
</testsuite> <!-- Ecomerce.SeleniumDesign.Submittest -->
