<?xml version="1.0" encoding="UTF-8"?>
<!-- Generated by org.testng.reporters.JUnitReportReporter -->
<testsuite hostname="LAPTOP-OLQ9GVDM" failures="0" tests="2" name="Ecomerce.SeleniumDesign.ErrorValidation" time="34.072" errors="0" timestamp="2024-10-19T22:52:59 IST" skipped="0">
  <testcase classname="Ecomerce.SeleniumDesign.ErrorValidation" name="validateLoginDetails" time="8.457"/>
  <testcase classname="Ecomerce.SeleniumDesign.ErrorValidation" name="validateCartProduct" time="25.615"/>
</testsuite> <!-- Ecomerce.SeleniumDesign.ErrorValidation -->
