<?xml version="1.0" encoding="UTF-8"?>
<!-- Generated by org.testng.reporters.JUnitReportReporter -->
<testsuite hostname="LAPTOP-OLQ9GVDM" failures="0" tests="4" name="Ecomerce.SeleniumDesign.Submittest" time="56.524" errors="0" timestamp="2024-10-19T22:52:59 IST" skipped="0">
  <testcase classname="Ecomerce.SeleniumDesign.Submittest" name="submitOrder" time="26.591"/>
  <testcase classname="Ecomerce.SeleniumDesign.Submittest" name="orderhistory" time="10.840"/>
  <testcase classname="Ecomerce.SeleniumDesign.Submittest" name="orderhistory" time="8.024"/>
  <testcase classname="Ecomerce.SeleniumDesign.Submittest" name="submitOrder" time="11.069"/>
</testsuite> <!-- Ecomerce.SeleniumDesign.Submittest -->
